Arguments: 
  C:\Program Files\nodejs\node.exe C:\Users\drc59\AppData\Roaming\npm\node_modules\yarn\bin\yarn.js add zod

PATH: 
  C:\Users\drc59\bin;C:\Program Files\Git\mingw64\bin;C:\Program Files\Git\usr\local\bin;C:\Program Files\Git\usr\bin;C:\Program Files\Git\usr\bin;C:\Program Files\Git\mingw64\bin;C:\Program Files\Git\usr\bin;C:\Users\drc59\bin;C:\Program Files\Common Files\Oracle\Java\javapath;C:\Program Files (x86)\Common Files\Oracle\Java\javapath;C:\Program Files (x86)\NVIDIA Corporation\PhysX\Common;C:\Windows\system32;C:\Windows;C:\Windows\System32\Wbem;C:\Windows\System32\WindowsPowerShell\v1.0;C:\Windows\System32\OpenSSH;C:\Program Files\Git\cmd;C:\Users\drc59\AppData\Local\Microsoft\WindowsApps;C:\Users\drc59\AppData\Local\Programs\Microsoft VS Code\bin;C:\Users\drc59\AppData\Roaming\npm;C:\adb;C:\WINDOWS\system32;C:\WINDOWS;C:\WINDOWS\System32\Wbem;C:\WINDOWS\System32\WindowsPowerShell\v1.0;C:\WINDOWS\System32\OpenSSH;C:\Program Files\Docker\Docker\resources\bin;C:\ProgramData\DockerDesktop\version-bin;C:\Program Files\nodejs;C:\Users\drc59\AppData\Local\Microsoft\WindowsApps;C:\Users\drc59\AppData\Local\Programs\Microsoft VS Code\bin;C:\Users\drc59\AppData\Roaming\npm;C:\Program Files\Git\usr\bin\vendor_perl;C:\Program Files\Git\usr\bin\core_perl

Yarn version: 
  1.22.19

Node version: 
  18.12.0

Platform: 
  win32 x64

Trace: 
  Error: EPERM: operation not permitted, unlink 'C:\Users\drc59\OneDrive\Escritorio\NLWcopa\server\node_modules\esbuild-windows-64\esbuild.exe'

npm manifest: 
  {
    "name": "server",
    "version": "1.0.0",
    "description": "",
    "main": "index.js",
    "scripts": {
      "dev": "tsx watch src/server.ts"
    },
    "keywords": [],
    "author": "",
    "license": "ISC",
    "prisma": {
      "seed": "tsx prisma/seed.ts"
    },
    "devDependencies": {
      "@mermaid-js/mermaid-cli": "^9.1.7",
      "prisma": "^4.5.0",
      "prisma-erd-generator": "^1.2.2",
      "tsx": "^3.11.0",
      "typescript": "^4.8.4"
    },
    "dependencies": {
      "@fastify/cors": "^8.1.1",
      "@prisma/client": "^4.5.0",
      "fastify": "^4.9.2"
    }
  }

yarn manifest: 
  No manifest

Lockfile: 
  No lockfile
